execve("./hello", ["./hello"], 0xffffe239ff98 /* 9 vars */) = 0 <0.000893>
sched_getaffinity(0, 8192, [0, 1, 2, 3, 4, 5, 6, 7]) = 8 <0.000008>
openat(AT_FDCWD, "/sys/kernel/mm/transparent_hugepage/hpage_pmd_size", O_RDONLY) = 3 <0.000035>
read(3, "2097152\n", 20)                = 8 <0.000017>
close(3)                                = 0 <0.000010>
mmap(NULL, 262144, PROT_READ|PROT_WRITE, MAP_PRIVATE|MAP_ANONYMOUS, -1, 0) = 0xffff8dc29000 <0.000019>
mmap(0x4000000000, 67108864, PROT_NONE, MAP_PRIVATE|MAP_ANONYMOUS, -1, 0) = 0x4000000000 <0.000011>
mmap(0x4000000000, 67108864, PROT_READ|PROT_WRITE, MAP_PRIVATE|MAP_FIXED|MAP_ANONYMOUS, -1, 0) = 0x4000000000 <0.000017>
mmap(NULL, 33554432, PROT_READ|PROT_WRITE, MAP_PRIVATE|MAP_ANONYMOUS, -1, 0) = 0xffff8bc00000 <0.000015>
mmap(NULL, 2164736, PROT_READ|PROT_WRITE, MAP_PRIVATE|MAP_ANONYMOUS, -1, 0) = 0xffff8b800000 <0.000010>
mmap(NULL, 65536, PROT_READ|PROT_WRITE, MAP_PRIVATE|MAP_ANONYMOUS, -1, 0) = 0xffff8dc19000 <0.000009>
mmap(NULL, 65536, PROT_READ|PROT_WRITE, MAP_PRIVATE|MAP_ANONYMOUS, -1, 0) = 0xffff8dc09000 <0.000008>
rt_sigprocmask(SIG_SETMASK, NULL, [], 8) = 0 <0.000005>
sigaltstack(NULL, {ss_sp=NULL, ss_flags=SS_DISABLE, ss_size=0}) = 0 <0.000005>
sigaltstack({ss_sp=0x4000002000, ss_flags=0, ss_size=32768}, NULL) = 0 <0.000005>
rt_sigprocmask(SIG_SETMASK, [], NULL, 8) = 0 <0.000017>
gettid()                                = 166 <0.000008>
rt_sigaction(SIGHUP, NULL, {sa_handler=SIG_DFL, sa_mask=[], sa_flags=0}, 8) = 0 <0.000008>
rt_sigaction(SIGHUP, {sa_handler=0x62560, sa_mask=~[], sa_flags=SA_ONSTACK|SA_RESTART|SA_SIGINFO}, NULL, 8) = 0 <0.000007>
rt_sigaction(SIGINT, NULL, {sa_handler=SIG_DFL, sa_mask=[], sa_flags=0}, 8) = 0 <0.000007>
rt_sigaction(SIGINT, {sa_handler=0x62560, sa_mask=~[], sa_flags=SA_ONSTACK|SA_RESTART|SA_SIGINFO}, NULL, 8) = 0 <0.000006>
rt_sigaction(SIGQUIT, NULL, {sa_handler=SIG_DFL, sa_mask=[], sa_flags=0}, 8) = 0 <0.000007>
rt_sigaction(SIGQUIT, {sa_handler=0x62560, sa_mask=~[], sa_flags=SA_ONSTACK|SA_RESTART|SA_SIGINFO}, NULL, 8) = 0 <0.000013>
rt_sigaction(SIGILL, NULL, {sa_handler=SIG_DFL, sa_mask=[], sa_flags=0}, 8) = 0 <0.000008>
rt_sigaction(SIGILL, {sa_handler=0x62560, sa_mask=~[], sa_flags=SA_ONSTACK|SA_RESTART|SA_SIGINFO}, NULL, 8) = 0 <0.000008>
rt_sigaction(SIGTRAP, NULL, {sa_handler=SIG_DFL, sa_mask=[], sa_flags=0}, 8) = 0 <0.000007>
rt_sigaction(SIGTRAP, {sa_handler=0x62560, sa_mask=~[], sa_flags=SA_ONSTACK|SA_RESTART|SA_SIGINFO}, NULL, 8) = 0 <0.000007>
rt_sigaction(SIGABRT, NULL, {sa_handler=SIG_DFL, sa_mask=[], sa_flags=0}, 8) = 0 <0.000006>
rt_sigaction(SIGABRT, {sa_handler=0x62560, sa_mask=~[], sa_flags=SA_ONSTACK|SA_RESTART|SA_SIGINFO}, NULL, 8) = 0 <0.000006>
rt_sigaction(SIGBUS, NULL, {sa_handler=SIG_DFL, sa_mask=[], sa_flags=0}, 8) = 0 <0.000006>
rt_sigaction(SIGBUS, {sa_handler=0x62560, sa_mask=~[], sa_flags=SA_ONSTACK|SA_RESTART|SA_SIGINFO}, NULL, 8) = 0 <0.000006>
rt_sigaction(SIGFPE, NULL, {sa_handler=SIG_DFL, sa_mask=[], sa_flags=0}, 8) = 0 <0.000006>
rt_sigaction(SIGFPE, {sa_handler=0x62560, sa_mask=~[], sa_flags=SA_ONSTACK|SA_RESTART|SA_SIGINFO}, NULL, 8) = 0 <0.000006>
rt_sigaction(SIGUSR1, NULL, {sa_handler=SIG_DFL, sa_mask=[], sa_flags=0}, 8) = 0 <0.000006>
rt_sigaction(SIGUSR1, {sa_handler=0x62560, sa_mask=~[], sa_flags=SA_ONSTACK|SA_RESTART|SA_SIGINFO}, NULL, 8) = 0 <0.000006>
rt_sigaction(SIGSEGV, NULL, {sa_handler=SIG_DFL, sa_mask=[], sa_flags=0}, 8) = 0 <0.000006>
rt_sigaction(SIGSEGV, {sa_handler=0x62560, sa_mask=~[], sa_flags=SA_ONSTACK|SA_RESTART|SA_SIGINFO}, NULL, 8) = 0 <0.000006>
rt_sigaction(SIGUSR2, NULL, {sa_handler=SIG_DFL, sa_mask=[], sa_flags=0}, 8) = 0 <0.000006>
rt_sigaction(SIGUSR2, {sa_handler=0x62560, sa_mask=~[], sa_flags=SA_ONSTACK|SA_RESTART|SA_SIGINFO}, NULL, 8) = 0 <0.000006>
rt_sigaction(SIGPIPE, NULL, {sa_handler=SIG_DFL, sa_mask=[], sa_flags=0}, 8) = 0 <0.000006>
rt_sigaction(SIGPIPE, {sa_handler=0x62560, sa_mask=~[], sa_flags=SA_ONSTACK|SA_RESTART|SA_SIGINFO}, NULL, 8) = 0 <0.000006>
rt_sigaction(SIGALRM, NULL, {sa_handler=SIG_DFL, sa_mask=[], sa_flags=0}, 8) = 0 <0.000006>
rt_sigaction(SIGALRM, {sa_handler=0x62560, sa_mask=~[], sa_flags=SA_ONSTACK|SA_RESTART|SA_SIGINFO}, NULL, 8) = 0 <0.000006>
rt_sigaction(SIGTERM, NULL, {sa_handler=SIG_DFL, sa_mask=[], sa_flags=0}, 8) = 0 <0.000006>
rt_sigaction(SIGTERM, {sa_handler=0x62560, sa_mask=~[], sa_flags=SA_ONSTACK|SA_RESTART|SA_SIGINFO}, NULL, 8) = 0 <0.000027>
rt_sigaction(SIGSTKFLT, NULL, {sa_handler=SIG_DFL, sa_mask=[], sa_flags=0}, 8) = 0 <0.000005>
rt_sigaction(SIGSTKFLT, {sa_handler=0x62560, sa_mask=~[], sa_flags=SA_ONSTACK|SA_RESTART|SA_SIGINFO}, NULL, 8) = 0 <0.000005>
rt_sigaction(SIGCHLD, NULL, {sa_handler=SIG_DFL, sa_mask=[], sa_flags=0}, 8) = 0 <0.000008>
rt_sigaction(SIGCHLD, {sa_handler=0x62560, sa_mask=~[], sa_flags=SA_ONSTACK|SA_RESTART|SA_SIGINFO}, NULL, 8) = 0 <0.000005>
rt_sigaction(SIGURG, NULL, {sa_handler=SIG_DFL, sa_mask=[], sa_flags=0}, 8) = 0 <0.000006>
rt_sigaction(SIGURG, {sa_handler=0x62560, sa_mask=~[], sa_flags=SA_ONSTACK|SA_RESTART|SA_SIGINFO}, NULL, 8) = 0 <0.000009>
rt_sigaction(SIGXCPU, NULL, {sa_handler=SIG_DFL, sa_mask=[], sa_flags=0}, 8) = 0 <0.000007>
rt_sigaction(SIGXCPU, {sa_handler=0x62560, sa_mask=~[], sa_flags=SA_ONSTACK|SA_RESTART|SA_SIGINFO}, NULL, 8) = 0 <0.000006>
rt_sigaction(SIGXFSZ, NULL, {sa_handler=SIG_DFL, sa_mask=[], sa_flags=0}, 8) = 0 <0.000009>
rt_sigaction(SIGXFSZ, {sa_handler=0x62560, sa_mask=~[], sa_flags=SA_ONSTACK|SA_RESTART|SA_SIGINFO}, NULL, 8) = 0 <0.000006>
rt_sigaction(SIGVTALRM, NULL, {sa_handler=SIG_DFL, sa_mask=[], sa_flags=0}, 8) = 0 <0.000005>
rt_sigaction(SIGVTALRM, {sa_handler=0x62560, sa_mask=~[], sa_flags=SA_ONSTACK|SA_RESTART|SA_SIGINFO}, NULL, 8) = 0 <0.000006>
rt_sigaction(SIGPROF, NULL, {sa_handler=SIG_DFL, sa_mask=[], sa_flags=0}, 8) = 0 <0.000006>
rt_sigaction(SIGPROF, {sa_handler=0x62560, sa_mask=~[], sa_flags=SA_ONSTACK|SA_RESTART|SA_SIGINFO}, NULL, 8) = 0 <0.000008>
rt_sigaction(SIGWINCH, NULL, {sa_handler=SIG_DFL, sa_mask=[], sa_flags=0}, 8) = 0 <0.000006>
rt_sigaction(SIGWINCH, {sa_handler=0x62560, sa_mask=~[], sa_flags=SA_ONSTACK|SA_RESTART|SA_SIGINFO}, NULL, 8) = 0 <0.000010>
rt_sigaction(SIGIO, NULL, {sa_handler=SIG_DFL, sa_mask=[], sa_flags=0}, 8) = 0 <0.000005>
rt_sigaction(SIGIO, {sa_handler=0x62560, sa_mask=~[], sa_flags=SA_ONSTACK|SA_RESTART|SA_SIGINFO}, NULL, 8) = 0 <0.000007>
rt_sigaction(SIGPWR, NULL, {sa_handler=SIG_DFL, sa_mask=[], sa_flags=0}, 8) = 0 <0.000006>
rt_sigaction(SIGPWR, {sa_handler=0x62560, sa_mask=~[], sa_flags=SA_ONSTACK|SA_RESTART|SA_SIGINFO}, NULL, 8) = 0 <0.000003>
rt_sigaction(SIGSYS, NULL, {sa_handler=SIG_DFL, sa_mask=[], sa_flags=0}, 8) = 0 <0.000004>
rt_sigaction(SIGSYS, {sa_handler=0x62560, sa_mask=~[], sa_flags=SA_ONSTACK|SA_RESTART|SA_SIGINFO}, NULL, 8) = 0 <0.000003>
rt_sigaction(SIGRTMIN, NULL, {sa_handler=SIG_DFL, sa_mask=[], sa_flags=0}, 8) = 0 <0.000003>
rt_sigaction(SIGRT_1, NULL, {sa_handler=SIG_DFL, sa_mask=[], sa_flags=0}, 8) = 0 <0.000005>
rt_sigaction(SIGRT_2, NULL, {sa_handler=SIG_DFL, sa_mask=[], sa_flags=0}, 8) = 0 <0.000004>
rt_sigaction(SIGRT_2, {sa_handler=0x62560, sa_mask=~[], sa_flags=SA_ONSTACK|SA_RESTART|SA_SIGINFO}, NULL, 8) = 0 <0.000004>
rt_sigaction(SIGRT_3, NULL, {sa_handler=SIG_DFL, sa_mask=[], sa_flags=0}, 8) = 0 <0.000004>
rt_sigaction(SIGRT_3, {sa_handler=0x62560, sa_mask=~[], sa_flags=SA_ONSTACK|SA_RESTART|SA_SIGINFO}, NULL, 8) = 0 <0.000005>
rt_sigaction(SIGRT_4, NULL, {sa_handler=SIG_DFL, sa_mask=[], sa_flags=0}, 8) = 0 <0.000004>
rt_sigaction(SIGRT_4, {sa_handler=0x62560, sa_mask=~[], sa_flags=SA_ONSTACK|SA_RESTART|SA_SIGINFO}, NULL, 8) = 0 <0.000004>
rt_sigaction(SIGRT_5, NULL, {sa_handler=SIG_DFL, sa_mask=[], sa_flags=0}, 8) = 0 <0.000004>
rt_sigaction(SIGRT_5, {sa_handler=0x62560, sa_mask=~[], sa_flags=SA_ONSTACK|SA_RESTART|SA_SIGINFO}, NULL, 8) = 0 <0.000005>
rt_sigaction(SIGRT_6, NULL, {sa_handler=SIG_DFL, sa_mask=[], sa_flags=0}, 8) = 0 <0.000004>
rt_sigaction(SIGRT_6, {sa_handler=0x62560, sa_mask=~[], sa_flags=SA_ONSTACK|SA_RESTART|SA_SIGINFO}, NULL, 8) = 0 <0.000003>
rt_sigaction(SIGRT_7, NULL, {sa_handler=SIG_DFL, sa_mask=[], sa_flags=0}, 8) = 0 <0.000003>
rt_sigaction(SIGRT_7, {sa_handler=0x62560, sa_mask=~[], sa_flags=SA_ONSTACK|SA_RESTART|SA_SIGINFO}, NULL, 8) = 0 <0.000006>
rt_sigaction(SIGRT_8, NULL, {sa_handler=SIG_DFL, sa_mask=[], sa_flags=0}, 8) = 0 <0.000004>
rt_sigaction(SIGRT_8, {sa_handler=0x62560, sa_mask=~[], sa_flags=SA_ONSTACK|SA_RESTART|SA_SIGINFO}, NULL, 8) = 0 <0.000004>
rt_sigaction(SIGRT_9, NULL, {sa_handler=SIG_DFL, sa_mask=[], sa_flags=0}, 8) = 0 <0.000003>
rt_sigaction(SIGRT_9, {sa_handler=0x62560, sa_mask=~[], sa_flags=SA_ONSTACK|SA_RESTART|SA_SIGINFO}, NULL, 8) = 0 <0.000005>
rt_sigaction(SIGRT_10, NULL, {sa_handler=SIG_DFL, sa_mask=[], sa_flags=0}, 8) = 0 <0.000003>
rt_sigaction(SIGRT_10, {sa_handler=0x62560, sa_mask=~[], sa_flags=SA_ONSTACK|SA_RESTART|SA_SIGINFO}, NULL, 8) = 0 <0.000003>
rt_sigaction(SIGRT_11, NULL, {sa_handler=SIG_DFL, sa_mask=[], sa_flags=0}, 8) = 0 <0.000003>
rt_sigaction(SIGRT_11, {sa_handler=0x62560, sa_mask=~[], sa_flags=SA_ONSTACK|SA_RESTART|SA_SIGINFO}, NULL, 8) = 0 <0.000003>
rt_sigaction(SIGRT_12, NULL, {sa_handler=SIG_DFL, sa_mask=[], sa_flags=0}, 8) = 0 <0.000003>
rt_sigaction(SIGRT_12, {sa_handler=0x62560, sa_mask=~[], sa_flags=SA_ONSTACK|SA_RESTART|SA_SIGINFO}, NULL, 8) = 0 <0.000006>
rt_sigaction(SIGRT_13, NULL, {sa_handler=SIG_DFL, sa_mask=[], sa_flags=0}, 8) = 0 <0.000005>
rt_sigaction(SIGRT_13, {sa_handler=0x62560, sa_mask=~[], sa_flags=SA_ONSTACK|SA_RESTART|SA_SIGINFO}, NULL, 8) = 0 <0.000007>
rt_sigaction(SIGRT_14, NULL, {sa_handler=SIG_DFL, sa_mask=[], sa_flags=0}, 8) = 0 <0.000004>
rt_sigaction(SIGRT_14, {sa_handler=0x62560, sa_mask=~[], sa_flags=SA_ONSTACK|SA_RESTART|SA_SIGINFO}, NULL, 8) = 0 <0.000004>
rt_sigaction(SIGRT_15, NULL, {sa_handler=SIG_DFL, sa_mask=[], sa_flags=0}, 8) = 0 <0.000005>
rt_sigaction(SIGRT_15, {sa_handler=0x62560, sa_mask=~[], sa_flags=SA_ONSTACK|SA_RESTART|SA_SIGINFO}, NULL, 8) = 0 <0.000005>
rt_sigaction(SIGRT_16, NULL, {sa_handler=SIG_DFL, sa_mask=[], sa_flags=0}, 8) = 0 <0.000003>
rt_sigaction(SIGRT_16, {sa_handler=0x62560, sa_mask=~[], sa_flags=SA_ONSTACK|SA_RESTART|SA_SIGINFO}, NULL, 8) = 0 <0.000003>
rt_sigaction(SIGRT_17, NULL, {sa_handler=SIG_DFL, sa_mask=[], sa_flags=0}, 8) = 0 <0.000006>
rt_sigaction(SIGRT_17, {sa_handler=0x62560, sa_mask=~[], sa_flags=SA_ONSTACK|SA_RESTART|SA_SIGINFO}, NULL, 8) = 0 <0.000004>
rt_sigaction(SIGRT_18, NULL, {sa_handler=SIG_DFL, sa_mask=[], sa_flags=0}, 8) = 0 <0.000004>
rt_sigaction(SIGRT_18, {sa_handler=0x62560, sa_mask=~[], sa_flags=SA_ONSTACK|SA_RESTART|SA_SIGINFO}, NULL, 8) = 0 <0.000003>
rt_sigaction(SIGRT_19, NULL, {sa_handler=SIG_DFL, sa_mask=[], sa_flags=0}, 8) = 0 <0.000003>
rt_sigaction(SIGRT_19, {sa_handler=0x62560, sa_mask=~[], sa_flags=SA_ONSTACK|SA_RESTART|SA_SIGINFO}, NULL, 8) = 0 <0.000003>
rt_sigaction(SIGRT_20, NULL, {sa_handler=SIG_DFL, sa_mask=[], sa_flags=0}, 8) = 0 <0.000006>
rt_sigaction(SIGRT_20, {sa_handler=0x62560, sa_mask=~[], sa_flags=SA_ONSTACK|SA_RESTART|SA_SIGINFO}, NULL, 8) = 0 <0.000003>
rt_sigaction(SIGRT_21, NULL, {sa_handler=SIG_DFL, sa_mask=[], sa_flags=0}, 8) = 0 <0.000003>
rt_sigaction(SIGRT_21, {sa_handler=0x62560, sa_mask=~[], sa_flags=SA_ONSTACK|SA_RESTART|SA_SIGINFO}, NULL, 8) = 0 <0.000003>
rt_sigaction(SIGRT_22, NULL, {sa_handler=SIG_DFL, sa_mask=[], sa_flags=0}, 8) = 0 <0.000004>
rt_sigaction(SIGRT_22, {sa_handler=0x62560, sa_mask=~[], sa_flags=SA_ONSTACK|SA_RESTART|SA_SIGINFO}, NULL, 8) = 0 <0.000004>
rt_sigaction(SIGRT_23, NULL, {sa_handler=SIG_DFL, sa_mask=[], sa_flags=0}, 8) = 0 <0.000003>
rt_sigaction(SIGRT_23, {sa_handler=0x62560, sa_mask=~[], sa_flags=SA_ONSTACK|SA_RESTART|SA_SIGINFO}, NULL, 8) = 0 <0.000003>
rt_sigaction(SIGRT_24, NULL, {sa_handler=SIG_DFL, sa_mask=[], sa_flags=0}, 8) = 0 <0.000004>
rt_sigaction(SIGRT_24, {sa_handler=0x62560, sa_mask=~[], sa_flags=SA_ONSTACK|SA_RESTART|SA_SIGINFO}, NULL, 8) = 0 <0.000004>
rt_sigaction(SIGRT_25, NULL, {sa_handler=SIG_DFL, sa_mask=[], sa_flags=0}, 8) = 0 <0.000005>
rt_sigaction(SIGRT_25, {sa_handler=0x62560, sa_mask=~[], sa_flags=SA_ONSTACK|SA_RESTART|SA_SIGINFO}, NULL, 8) = 0 <0.000005>
rt_sigaction(SIGRT_26, NULL, {sa_handler=SIG_DFL, sa_mask=[], sa_flags=0}, 8) = 0 <0.000005>
rt_sigaction(SIGRT_26, {sa_handler=0x62560, sa_mask=~[], sa_flags=SA_ONSTACK|SA_RESTART|SA_SIGINFO}, NULL, 8) = 0 <0.000005>
rt_sigaction(SIGRT_27, NULL, {sa_handler=SIG_DFL, sa_mask=[], sa_flags=0}, 8) = 0 <0.000005>
rt_sigaction(SIGRT_27, {sa_handler=0x62560, sa_mask=~[], sa_flags=SA_ONSTACK|SA_RESTART|SA_SIGINFO}, NULL, 8) = 0 <0.000006>
rt_sigaction(SIGRT_28, NULL, {sa_handler=SIG_DFL, sa_mask=[], sa_flags=0}, 8) = 0 <0.000005>
rt_sigaction(SIGRT_28, {sa_handler=0x62560, sa_mask=~[], sa_flags=SA_ONSTACK|SA_RESTART|SA_SIGINFO}, NULL, 8) = 0 <0.000006>
rt_sigaction(SIGRT_29, NULL, {sa_handler=SIG_DFL, sa_mask=[], sa_flags=0}, 8) = 0 <0.000005>
rt_sigaction(SIGRT_29, {sa_handler=0x62560, sa_mask=~[], sa_flags=SA_ONSTACK|SA_RESTART|SA_SIGINFO}, NULL, 8) = 0 <0.000005>
rt_sigaction(SIGRT_30, NULL, {sa_handler=SIG_DFL, sa_mask=[], sa_flags=0}, 8) = 0 <0.000004>
rt_sigaction(SIGRT_30, {sa_handler=0x62560, sa_mask=~[], sa_flags=SA_ONSTACK|SA_RESTART|SA_SIGINFO}, NULL, 8) = 0 <0.000004>
rt_sigaction(SIGRT_31, NULL, {sa_handler=SIG_DFL, sa_mask=[], sa_flags=0}, 8) = 0 <0.000004>
rt_sigaction(SIGRT_31, {sa_handler=0x62560, sa_mask=~[], sa_flags=SA_ONSTACK|SA_RESTART|SA_SIGINFO}, NULL, 8) = 0 <0.000004>
rt_sigaction(SIGRT_32, NULL, {sa_handler=SIG_DFL, sa_mask=[], sa_flags=0}, 8) = 0 <0.000004>
rt_sigaction(SIGRT_32, {sa_handler=0x62560, sa_mask=~[], sa_flags=SA_ONSTACK|SA_RESTART|SA_SIGINFO}, NULL, 8) = 0 <0.000004>
rt_sigprocmask(SIG_SETMASK, ~[], [], 8) = 0 <0.000005>
clone(child_stack=0x4000052000, flags=CLONE_VM|CLONE_FS|CLONE_FILES|CLONE_SIGHAND|CLONE_THREAD|CLONE_SYSVSEM) = 167 <0.000031>
rt_sigprocmask(SIG_SETMASK, [], NULL, 8) = 0 <0.000005>
rt_sigprocmask(SIG_SETMASK, ~[], [], 8) = 0 <0.000005>
clone(child_stack=0x4000054000, flags=CLONE_VM|CLONE_FS|CLONE_FILES|CLONE_SIGHAND|CLONE_THREAD|CLONE_SYSVSEM) = 168 <0.000020>
rt_sigprocmask(SIG_SETMASK, [], NULL, 8) = 0 <0.000005>
rt_sigprocmask(SIG_SETMASK, ~[], [], 8) = 0 <0.000005>
clone(child_stack=0x400004e000, flags=CLONE_VM|CLONE_FS|CLONE_FILES|CLONE_SIGHAND|CLONE_THREAD|CLONE_SYSVSEM) = 169 <0.000018>
rt_sigprocmask(SIG_SETMASK, [], NULL, 8) = 0 <0.000004>
futex(0x4000042848, FUTEX_WAKE_PRIVATE, 1) = 1 <0.000008>
readlinkat(AT_FDCWD, "/proc/self/exe", "/my-work/hello", 128) = 14 <0.000045>
fcntl(0, F_GETFL)                       = 0x20002 (flags O_RDWR|O_LARGEFILE) <0.000005>
futex(0x40000424c8, FUTEX_WAKE_PRIVATE, 1) = 1 <0.000008>
mmap(NULL, 262144, PROT_READ|PROT_WRITE, MAP_PRIVATE|MAP_ANONYMOUS, -1, 0) = 0xffff8bbc0000 <0.000026>
fcntl(1, F_GETFL)                       = 0x20002 (flags O_RDWR|O_LARGEFILE) <0.000004>
fcntl(2, F_GETFL)                       = 0x20002 (flags O_RDWR|O_LARGEFILE) <0.000004>
write(1, "hello world\n", 12)           = 12 <0.000019>
exit_group(0)                           = ?
+++ exited with 0 +++
